<?xml version="1.0" encoding="UTF-8"?>
<!-- Generated by org.testng.reporters.JUnitReportReporter -->
<testsuite hostname="DESKTOP-FMB1J5N" failures="0" tests="1" name="staleElementException.FreeCrmExceptionHandling" time="23.781" errors="0" timestamp="2023-05-26T08:18:36 EDT" skipped="0">
  <testcase classname="staleElementException.FreeCrmExceptionHandling" name="freecrmStaleElement" time="23.781"/>
  <system-out/>
</testsuite> <!-- staleElementException.FreeCrmExceptionHandling -->
