<?xml version="1.0" encoding="UTF-8"?>
<!-- Generated by org.testng.reporters.JUnitReportReporter -->
<testsuite hostname="DESKTOP-FMB1J5N" failures="0" tests="1" name="staleElementException.StaleElementException" time="39.227" errors="0" timestamp="2023-05-26T07:28:26 EDT" skipped="0">
  <testcase classname="staleElementException.StaleElementException" name="staleElementException" time="39.227"/>
  <system-out/>
</testsuite> <!-- staleElementException.StaleElementException -->
